Determining if the pthread_create exist failed with the following output:
Change Dir: /home/jyfpc/VS3_2_ws/build/CMakeFiles/CMakeTmp

Run Build Command:"/usr/bin/make" "cmTC_86ade/fast"
/usr/bin/make -f CMakeFiles/cmTC_86ade.dir/build.make CMakeFiles/cmTC_86ade.dir/build
make[1]: 进入目录“/home/jyfpc/VS3_2_ws/build/CMakeFiles/CMakeTmp”
Building C object CMakeFiles/cmTC_86ade.dir/CheckSymbolExists.c.o
/usr/bin/cc    -o CMakeFiles/cmTC_86ade.dir/CheckSymbolExists.c.o   -c /home/jyfpc/VS3_2_ws/build/CMakeFiles/CMakeTmp/CheckSymbolExists.c
Linking C executable cmTC_86ade
/usr/bin/cmake -E cmake_link_script CMakeFiles/cmTC_86ade.dir/link.txt --verbose=1
/usr/bin/cc      -rdynamic CMakeFiles/cmTC_86ade.dir/CheckSymbolExists.c.o  -o cmTC_86ade 
CMakeFiles/cmTC_86ade.dir/CheckSymbolExists.c.o：在函数‘main’中：
CheckSymbolExists.c:(.text+0x1b)：对‘pthread_create’未定义的引用
collect2: error: ld returned 1 exit status
CMakeFiles/cmTC_86ade.dir/build.make:97: recipe for target 'cmTC_86ade' failed
make[1]: *** [cmTC_86ade] Error 1
make[1]: 离开目录“/home/jyfpc/VS3_2_ws/build/CMakeFiles/CMakeTmp”
Makefile:126: recipe for target 'cmTC_86ade/fast' failed
make: *** [cmTC_86ade/fast] Error 2

File /home/jyfpc/VS3_2_ws/build/CMakeFiles/CMakeTmp/CheckSymbolExists.c:
/* */
#include <pthread.h>

int main(int argc, char** argv)
{
  (void)argv;
#ifndef pthread_create
  return ((int*)(&pthread_create))[argc];
#else
  (void)argc;
  return 0;
#endif
}

Determining if the function pthread_create exists in the pthreads failed with the following output:
Change Dir: /home/jyfpc/VS3_2_ws/build/CMakeFiles/CMakeTmp

Run Build Command:"/usr/bin/make" "cmTC_128ea/fast"
/usr/bin/make -f CMakeFiles/cmTC_128ea.dir/build.make CMakeFiles/cmTC_128ea.dir/build
make[1]: 进入目录“/home/jyfpc/VS3_2_ws/build/CMakeFiles/CMakeTmp”
Building C object CMakeFiles/cmTC_128ea.dir/CheckFunctionExists.c.o
/usr/bin/cc   -DCHECK_FUNCTION_EXISTS=pthread_create   -o CMakeFiles/cmTC_128ea.dir/CheckFunctionExists.c.o   -c /usr/share/cmake-3.10/Modules/CheckFunctionExists.c
Linking C executable cmTC_128ea
/usr/bin/cmake -E cmake_link_script CMakeFiles/cmTC_128ea.dir/link.txt --verbose=1
/usr/bin/cc  -DCHECK_FUNCTION_EXISTS=pthread_create    -rdynamic CMakeFiles/cmTC_128ea.dir/CheckFunctionExists.c.o  -o cmTC_128ea -lpthreads 
/usr/bin/ld: 找不到 -lpthreads
collect2: error: ld returned 1 exit status
CMakeFiles/cmTC_128ea.dir/build.make:97: recipe for target 'cmTC_128ea' failed
make[1]: *** [cmTC_128ea] Error 1
make[1]: 离开目录“/home/jyfpc/VS3_2_ws/build/CMakeFiles/CMakeTmp”
Makefile:126: recipe for target 'cmTC_128ea/fast' failed
make: *** [cmTC_128ea/fast] Error 2


